

Version:	3.50
CmdLine:	C:\Users\devez\Desktop\ct5057_airline\airlines.exe --l4j-debug
JNI:		No
WOW64:		Yes
Working dir:	C:\Users\devez\Desktop\ct5057_airline\.
Requires JDK:	No
Requires 64-Bit: No
Java min ver:	
Java max ver:	
JRE paths:	.\jre
Check launcher:	C:\Users\devez\Desktop\ct5057_airline\.\jre\bin\javaw.exe (OK)
Version string: 1.021.000_007 / 64-Bit (OK)
Launcher:	C:\Users\devez\Desktop\ct5057_airline\.\jre\bin\javaw.exe
Launcher args:	-jar "C:\Users\devez\Desktop\ct5057_airline\airlines.exe"
Args length:	57/32768 chars
Exit code:	0


Version:	3.50
CmdLine:	C:\Users\devez\Desktop\ct5057_airline\airlines.exe --l4j-debug
JNI:		No
WOW64:		Yes
Working dir:	C:\Users\devez\Desktop\ct5057_airline\.
Requires JDK:	No
Requires 64-Bit: No
Java min ver:	
Java max ver:	
JRE paths:	.\jre
Check launcher:	C:\Users\devez\Desktop\ct5057_airline\.\jre\bin\javaw.exe (OK)
Version string: 1.021.000_007 / 64-Bit (OK)
Launcher:	C:\Users\devez\Desktop\ct5057_airline\.\jre\bin\javaw.exe
Launcher args:	-jar "C:\Users\devez\Desktop\ct5057_airline\airlines.exe"
Args length:	57/32768 chars
Exit code:	0
